Determining if the pthread_create exist failed with the following output:
Change Dir: /home/dorian/basic_ws/build/CMakeFiles/CMakeTmp

Run Build Command:/usr/bin/make "cmTryCompileExec3887086141/fast"
/usr/bin/make -f CMakeFiles/cmTryCompileExec3887086141.dir/build.make CMakeFiles/cmTryCompileExec3887086141.dir/build
make[1]: Entering directory `/home/dorian/basic_ws/build/CMakeFiles/CMakeTmp'
/usr/bin/cmake -E cmake_progress_report /home/dorian/basic_ws/build/CMakeFiles/CMakeTmp/CMakeFiles 1
Building C object CMakeFiles/cmTryCompileExec3887086141.dir/CheckSymbolExists.c.o
/usr/bin/cc    -o CMakeFiles/cmTryCompileExec3887086141.dir/CheckSymbolExists.c.o   -c /home/dorian/basic_ws/build/CMakeFiles/CMakeTmp/CheckSymbolExists.c
Linking C executable cmTryCompileExec3887086141
/usr/bin/cmake -E cmake_link_script CMakeFiles/cmTryCompileExec3887086141.dir/link.txt --verbose=1
/usr/bin/cc       CMakeFiles/cmTryCompileExec3887086141.dir/CheckSymbolExists.c.o  -o cmTryCompileExec3887086141 -rdynamic 
CMakeFiles/cmTryCompileExec3887086141.dir/CheckSymbolExists.c.o: In function `main':
CheckSymbolExists.c:(.text+0x16): undefined reference to `pthread_create'
collect2: error: ld returned 1 exit status
make[1]: Leaving directory `/home/dorian/basic_ws/build/CMakeFiles/CMakeTmp'
make[1]: *** [cmTryCompileExec3887086141] Error 1
make: *** [cmTryCompileExec3887086141/fast] Error 2

File /home/dorian/basic_ws/build/CMakeFiles/CMakeTmp/CheckSymbolExists.c:
/* */
#include <pthread.h>

int main(int argc, char** argv)
{
  (void)argv;
#ifndef pthread_create
  return ((int*)(&pthread_create))[argc];
#else
  (void)argc;
  return 0;
#endif
}

Determining if the function pthread_create exists in the pthreads failed with the following output:
Change Dir: /home/dorian/basic_ws/build/CMakeFiles/CMakeTmp

Run Build Command:/usr/bin/make "cmTryCompileExec1658676345/fast"
/usr/bin/make -f CMakeFiles/cmTryCompileExec1658676345.dir/build.make CMakeFiles/cmTryCompileExec1658676345.dir/build
make[1]: Entering directory `/home/dorian/basic_ws/build/CMakeFiles/CMakeTmp'
/usr/bin/cmake -E cmake_progress_report /home/dorian/basic_ws/build/CMakeFiles/CMakeTmp/CMakeFiles 1
Building C object CMakeFiles/cmTryCompileExec1658676345.dir/CheckFunctionExists.c.o
/usr/bin/cc   -DCHECK_FUNCTION_EXISTS=pthread_create   -o CMakeFiles/cmTryCompileExec1658676345.dir/CheckFunctionExists.c.o   -c /usr/share/cmake-2.8/Modules/CheckFunctionExists.c
Linking C executable cmTryCompileExec1658676345
/usr/bin/cmake -E cmake_link_script CMakeFiles/cmTryCompileExec1658676345.dir/link.txt --verbose=1
/usr/bin/cc   -DCHECK_FUNCTION_EXISTS=pthread_create    CMakeFiles/cmTryCompileExec1658676345.dir/CheckFunctionExists.c.o  -o cmTryCompileExec1658676345 -rdynamic -lpthreads 
/usr/bin/ld: cannot find -lpthreads
collect2: error: ld returned 1 exit status
make[1]: Leaving directory `/home/dorian/basic_ws/build/CMakeFiles/CMakeTmp'
make[1]: *** [cmTryCompileExec1658676345] Error 1
make: *** [cmTryCompileExec1658676345/fast] Error 2


Determining if the function sgetrf_single exists failed with the following output:
Change Dir: /home/dorian/basic_ws/build/CMakeFiles/CMakeTmp

Run Build Command:/usr/bin/make "cmTryCompileExec847736464/fast"
make[1]: Entering directory `/home/dorian/basic_ws/build/CMakeFiles/CMakeTmp'
/usr/bin/make -f CMakeFiles/cmTryCompileExec847736464.dir/build.make CMakeFiles/cmTryCompileExec847736464.dir/build
make[2]: Entering directory `/home/dorian/basic_ws/build/CMakeFiles/CMakeTmp'
/usr/bin/cmake -E cmake_progress_report /home/dorian/basic_ws/build/CMakeFiles/CMakeTmp/CMakeFiles 1
Building C object CMakeFiles/cmTryCompileExec847736464.dir/CheckFunctionExists.c.o
/usr/bin/cc   -DCHECK_FUNCTION_EXISTS=sgetrf_single   -o CMakeFiles/cmTryCompileExec847736464.dir/CheckFunctionExists.c.o   -c /usr/share/cmake-2.8/Modules/CheckFunctionExists.c
Linking C executable cmTryCompileExec847736464
/usr/bin/cmake -E cmake_link_script CMakeFiles/cmTryCompileExec847736464.dir/link.txt --verbose=1
/usr/bin/cc   -DCHECK_FUNCTION_EXISTS=sgetrf_single    CMakeFiles/cmTryCompileExec847736464.dir/CheckFunctionExists.c.o  -o cmTryCompileExec847736464 -rdynamic -lcblas 
CMakeFiles/cmTryCompileExec847736464.dir/CheckFunctionExists.c.o: In function `main':
CheckFunctionExists.c:(.text+0x15): undefined reference to `sgetrf_single'
collect2: error: ld returned 1 exit status
make[2]: Leaving directory `/home/dorian/basic_ws/build/CMakeFiles/CMakeTmp'
make[1]: Leaving directory `/home/dorian/basic_ws/build/CMakeFiles/CMakeTmp'
make[2]: *** [cmTryCompileExec847736464] Error 1
make[1]: *** [cmTryCompileExec847736464/fast] Error 2


